\BOOKMARK [1][-]{section.1}{\376\377\004\022\004\062\004\065\004\064\004\065\004\075\004\070\004\065}{}% 1
\BOOKMARK [1][-]{section.2}{\376\377\004\030\004\075\004\102\004\065\004\100\004\077\004\100\004\065\004\102\004\060\004\106\004\070\004\117\000\040\000-\000\040\004\077\004\076\004\064\004\103\004\074\004\060\004\102\004\114\000\040\004\075\004\060\004\064\000\040\004\075\004\060\004\067\004\062\004\060\004\075\004\070\004\065\004\074}{}% 2
\BOOKMARK [2][-]{subsection.2.1}{\376\377\004\027\004\060\004\107\004\065\004\074\000\040\004\076\004\075\004\060\000\040\004\075\004\103\004\066\004\075\004\060}{section.2}% 3
\BOOKMARK [2][-]{subsection.2.2}{\376\377\004\047\004\102\004\076\000\040\004\074\004\076\004\066\004\075\004\076\000\040\004\070\004\075\004\102\004\065\004\100\004\077\004\100\004\065\004\102\004\070\004\100\004\076\004\062\004\060\004\102\004\114}{section.2}% 4
\BOOKMARK [2][-]{subsection.2.3}{\376\377\004\034\004\065\004\102\004\076\004\064\004\113}{section.2}% 5
\BOOKMARK [1][-]{section.3}{\376\377\004\034\004\065\004\102\004\076\004\064\004\113\000\040\004\070\000\040\004\070\004\105\000\040\004\077\004\100\004\070\004\075\004\106\004\070\004\077\004\113}{}% 6
\BOOKMARK [2][-]{subsection.3.1}{\376\377\000P\000D\000P\000\040\000\050\000p\000a\000r\000t\000i\000a\000l\000\040\000d\000e\000p\000e\000n\000d\000e\000n\000c\000e\000\040\000p\000l\000o\000t\000\051}{section.3}% 7
\BOOKMARK [3][-]{subsubsection.3.1.1}{\376\377\004\037\004\100\004\070\004\075\004\106\004\070\004\077\000\040\004\100\004\060\004\061\004\076\004\102\004\113}{subsection.3.1}% 8
\BOOKMARK [3][-]{subsubsection.3.1.2}{\376\377\004\040\004\065\004\060\004\073\004\070\004\067\004\060\004\106\004\070\004\117}{subsection.3.1}% 9
\BOOKMARK [2][-]{subsection.3.2}{\376\377\000L\000I\000M\000E}{section.3}% 10
\BOOKMARK [3][-]{subsubsection.3.2.1}{\376\377\004\037\004\100\004\070\004\075\004\106\004\070\004\077\000\040\004\100\004\060\004\061\004\076\004\102\004\113}{subsection.3.2}% 11
\BOOKMARK [3][-]{subsubsection.3.2.2}{\376\377\004\040\004\065\004\060\004\073\004\070\004\067\004\060\004\106\004\070\004\117}{subsection.3.2}% 12
\BOOKMARK [2][-]{subsection.3.3}{\376\377\000S\000H\000A\000P\000\040\000+\000\040\004\100\004\065\004\060\004\073\004\070\004\067\004\060\004\106\004\070\004\117}{section.3}% 13
\BOOKMARK [1][-]{section.4}{\376\377\004\037\004\100\004\070\004\074\004\065\004\100\004\113}{}% 14
\BOOKMARK [2][-]{subsection.4.1}{\376\377\004\037\004\065\004\100\004\062\004\113\004\071\000\040\004\077\004\100\004\070\004\072\004\076\004\073\004\114\004\075\004\113\004\071\000\040\004\077\004\100\004\070\004\074\004\065\004\100}{section.4}% 15
\BOOKMARK [2][-]{subsection.4.2}{\376\377\004\022\004\102\004\076\004\100\004\076\004\071\000\040\004\077\004\100\004\070\004\072\004\076\004\073\004\114\004\075\004\113\004\071\000\040\004\077\004\100\004\070\004\074\004\065\004\100}{section.4}% 16
\BOOKMARK [1][-]{section.5}{\376\377\004\024\004\060\004\075\004\075\004\113\004\065\000\040\004\070\000\040\004\074\004\076\004\064\004\065\004\073\004\070}{}% 17
\BOOKMARK [2][-]{subsection.5.1}{\376\377\004\024\004\060\004\075\004\075\004\113\004\065}{section.5}% 18
\BOOKMARK [2][-]{subsection.5.2}{\376\377\004\034\004\076\004\064\004\065\004\073\004\070}{section.5}% 19
\BOOKMARK [2][-]{subsection.5.3}{\376\377\004\037\004\076\004\077\004\113\004\102\004\072\004\060\000\040\004\070\004\075\004\102\004\065\004\100\004\077\004\100\004\065\004\102\004\060\004\106\004\070\004\070}{section.5}% 20
\BOOKMARK [1][-]{section.6}{\376\377\004\020\004\075\004\060\004\073\004\070\004\067\000\040\004\100\004\065\004\067\004\103\004\073\004\114\004\102\004\060\004\102\004\076\004\062}{}% 21
\BOOKMARK [1][-]{section.7}{\376\377\004\027\004\060\004\072\004\073\004\116\004\107\004\065\004\075\004\070\004\065}{}% 22
